<?xml version="1.0" encoding="UTF-8" ?>
<testsuite failures="0" time="4.917" errors="0" skipped="0" tests="1" name="org.us.waralaba.barang.BarangTest">
  <properties>
    <property name="java.runtime.name" value="Java(TM) SE Runtime Environment"/>
    <property name="sun.boot.library.path" value="/usr/java/jdk1.7.0_25/jre/lib/amd64"/>
    <property name="java.vm.version" value="23.25-b01"/>
    <property name="java.vm.vendor" value="Oracle Corporation"/>
    <property name="java.vendor.url" value="http://java.oracle.com/"/>
    <property name="path.separator" value=":"/>
    <property name="java.vm.name" value="Java HotSpot(TM) 64-Bit Server VM"/>
    <property name="file.encoding.pkg" value="sun.io"/>
    <property name="user.country" value="US"/>
    <property name="sun.java.launcher" value="SUN_STANDARD"/>
    <property name="sun.os.patch.level" value="unknown"/>
    <property name="test" value="org.us.waralaba.barang.BarangTest"/>
    <property name="java.vm.specification.name" value="Java Virtual Machine Specification"/>
    <property name="user.dir" value="/home/adilramdan/workspacelearn/Matrial Mangement"/>
    <property name="java.runtime.version" value="1.7.0_25-b15"/>
    <property name="java.awt.graphicsenv" value="sun.awt.X11GraphicsEnvironment"/>
    <property name="basedir" value="/home/adilramdan/workspacelearn/Matrial Mangement"/>
    <property name="java.endorsed.dirs" value="/usr/java/jdk1.7.0_25/jre/lib/endorsed"/>
    <property name="os.arch" value="amd64"/>
    <property name="surefire.real.class.path" value="/home/adilramdan/workspacelearn/Matrial Mangement/target/surefire/surefirebooter4078483723170714054.jar"/>
    <property name="java.io.tmpdir" value="/tmp"/>
    <property name="line.separator" value="
"/>
    <property name="java.vm.specification.vendor" value="Oracle Corporation"/>
    <property name="os.name" value="Linux"/>
    <property name="sun.jnu.encoding" value="UTF-8"/>
    <property name="java.library.path" value="/usr/java/jdk1.7.0_25/jre/lib/amd64:/usr/java/jdk1.7.0_25/jre/lib/i386::/usr/java/packages/lib/amd64:/usr/lib64:/lib64:/lib:/usr/lib"/>
    <property name="surefire.test.class.path" value="/home/adilramdan/workspacelearn/Matrial Mangement/target/test-classes:/home/adilramdan/workspacelearn/Matrial Mangement/target/classes:/run/media/adilramdan/DATAKU/resource/maven/maven_repo/org/hibernate/hibernate-entitymanager/3.6.0.Final/hibernate-entitymanager-3.6.0.Final.jar:/run/media/adilramdan/DATAKU/resource/maven/maven_repo/org/hibernate/hibernate-core/3.6.0.Final/hibernate-core-3.6.0.Final.jar:/run/media/adilramdan/DATAKU/resource/maven/maven_repo/antlr/antlr/2.7.6/antlr-2.7.6.jar:/run/media/adilramdan/DATAKU/resource/maven/maven_repo/commons-collections/commons-collections/3.1/commons-collections-3.1.jar:/run/media/adilramdan/DATAKU/resource/maven/maven_repo/dom4j/dom4j/1.6.1/dom4j-1.6.1.jar:/run/media/adilramdan/DATAKU/resource/maven/maven_repo/javax/transaction/jta/1.1/jta-1.1.jar:/run/media/adilramdan/DATAKU/resource/maven/maven_repo/cglib/cglib/2.2/cglib-2.2.jar:/run/media/adilramdan/DATAKU/resource/maven/maven_repo/asm/asm/3.1/asm-3.1.jar:/run/media/adilramdan/DATAKU/resource/maven/maven_repo/javassist/javassist/3.12.0.GA/javassist-3.12.0.GA.jar:/run/media/adilramdan/DATAKU/resource/maven/maven_repo/org/hibernate/javax/persistence/hibernate-jpa-2.0-api/1.0.0.Final/hibernate-jpa-2.0-api-1.0.0.Final.jar:/run/media/adilramdan/DATAKU/resource/maven/maven_repo/javax/validation/validation-api/1.0.0.GA/validation-api-1.0.0.GA.jar:/run/media/adilramdan/DATAKU/resource/maven/maven_repo/org/hibernate/hibernate-validator/4.1.0.Final/hibernate-validator-4.1.0.Final.jar:/run/media/adilramdan/DATAKU/resource/maven/maven_repo/org/hibernate/hibernate-envers/3.6.10.Final/hibernate-envers-3.6.10.Final.jar:/run/media/adilramdan/DATAKU/resource/maven/maven_repo/org/hibernate/hibernate-commons-annotations/3.2.0.Final/hibernate-commons-annotations-3.2.0.Final.jar:/run/media/adilramdan/DATAKU/resource/maven/maven_repo/junit/junit/4.7/junit-4.7.jar:/run/media/adilramdan/DATAKU/resource/maven/maven_repo/org/springframework/spring-test/3.1.2.RELEASE/spring-test-3.1.2.RELEASE.jar:/run/media/adilramdan/DATAKU/resource/maven/maven_repo/org/springframework/spring-context-support/3.1.2.RELEASE/spring-context-support-3.1.2.RELEASE.jar:/run/media/adilramdan/DATAKU/resource/maven/maven_repo/org/springframework/spring-beans/3.1.2.RELEASE/spring-beans-3.1.2.RELEASE.jar:/run/media/adilramdan/DATAKU/resource/maven/maven_repo/org/springframework/spring-context/3.1.2.RELEASE/spring-context-3.1.2.RELEASE.jar:/run/media/adilramdan/DATAKU/resource/maven/maven_repo/org/springframework/spring-expression/3.1.2.RELEASE/spring-expression-3.1.2.RELEASE.jar:/run/media/adilramdan/DATAKU/resource/maven/maven_repo/org/springframework/spring-core/3.1.2.RELEASE/spring-core-3.1.2.RELEASE.jar:/run/media/adilramdan/DATAKU/resource/maven/maven_repo/commons-logging/commons-logging/1.1.1/commons-logging-1.1.1.jar:/run/media/adilramdan/DATAKU/resource/maven/maven_repo/org/springframework/spring-aop/3.1.2.RELEASE/spring-aop-3.1.2.RELEASE.jar:/run/media/adilramdan/DATAKU/resource/maven/maven_repo/aopalliance/aopalliance/1.0/aopalliance-1.0.jar:/run/media/adilramdan/DATAKU/resource/maven/maven_repo/org/springframework/spring-asm/3.1.2.RELEASE/spring-asm-3.1.2.RELEASE.jar:/run/media/adilramdan/DATAKU/resource/maven/maven_repo/org/springframework/spring-orm/3.1.2.RELEASE/spring-orm-3.1.2.RELEASE.jar:/run/media/adilramdan/DATAKU/resource/maven/maven_repo/org/springframework/spring-jdbc/3.1.2.RELEASE/spring-jdbc-3.1.2.RELEASE.jar:/run/media/adilramdan/DATAKU/resource/maven/maven_repo/org/springframework/spring-tx/3.1.2.RELEASE/spring-tx-3.1.2.RELEASE.jar:/run/media/adilramdan/DATAKU/resource/maven/maven_repo/commons-dbcp/commons-dbcp/1.2.2/commons-dbcp-1.2.2.jar:/run/media/adilramdan/DATAKU/resource/maven/maven_repo/commons-pool/commons-pool/1.3/commons-pool-1.3.jar:/run/media/adilramdan/DATAKU/resource/maven/maven_repo/com/h2database/h2/1.3.156/h2-1.3.156.jar:/run/media/adilramdan/DATAKU/resource/maven/maven_repo/org/slf4j/slf4j-api/1.5.8/slf4j-api-1.5.8.jar:/run/media/adilramdan/DATAKU/resource/maven/maven_repo/org/slf4j/jcl-over-slf4j/1.5.8/jcl-over-slf4j-1.5.8.jar:/run/media/adilramdan/DATAKU/resource/maven/maven_repo/org/slf4j/slf4j-log4j12/1.5.8/slf4j-log4j12-1.5.8.jar:/run/media/adilramdan/DATAKU/resource/maven/maven_repo/log4j/log4j/1.2.16/log4j-1.2.16.jar:/run/media/adilramdan/DATAKU/resource/maven/maven_repo/mysql/mysql-connector-java/5.1.21/mysql-connector-java-5.1.21.jar:/run/media/adilramdan/DATAKU/resource/maven/maven_repo/org/jasypt/jasypt/1.8/jasypt-1.8.jar:/run/media/adilramdan/DATAKU/resource/maven/maven_repo/org/springframework/data/spring-data-jpa/1.3.0.RELEASE/spring-data-jpa-1.3.0.RELEASE.jar:/run/media/adilramdan/DATAKU/resource/maven/maven_repo/org/springframework/data/spring-data-commons/1.5.0.RELEASE/spring-data-commons-1.5.0.RELEASE.jar:/run/media/adilramdan/DATAKU/resource/maven/maven_repo/org/aspectj/aspectjrt/1.7.1/aspectjrt-1.7.1.jar:/run/media/adilramdan/DATAKU/resource/maven/maven_repo/org/springframework/spring-aspects/3.1.0.RELEASE/spring-aspects-3.1.0.RELEASE.jar:/run/media/adilramdan/DATAKU/resource/maven/maven_repo/joda-time/joda-time/2.0/joda-time-2.0.jar:/run/media/adilramdan/DATAKU/resource/maven/maven_repo/joda-time/joda-time-hibernate/1.3/joda-time-hibernate-1.3.jar:/run/media/adilramdan/DATAKU/resource/maven/maven_repo/com/google/guava/guava/13.0.1/guava-13.0.1.jar:"/>
    <property name="java.specification.name" value="Java Platform API Specification"/>
    <property name="java.class.version" value="51.0"/>
    <property name="sun.management.compiler" value="HotSpot 64-Bit Tiered Compilers"/>
    <property name="os.version" value="3.10.3-300.fc19.x86_64"/>
    <property name="user.home" value="/home/adilramdan"/>
    <property name="user.timezone" value="Asia/Jakarta"/>
    <property name="java.awt.printerjob" value="sun.print.PSPrinterJob"/>
    <property name="java.specification.version" value="1.7"/>
    <property name="file.encoding" value="UTF-8"/>
    <property name="user.name" value="adilramdan"/>
    <property name="java.class.path" value="/home/adilramdan/workspacelearn/Matrial Mangement/target/test-classes:/home/adilramdan/workspacelearn/Matrial Mangement/target/classes:/run/media/adilramdan/DATAKU/resource/maven/maven_repo/org/hibernate/hibernate-entitymanager/3.6.0.Final/hibernate-entitymanager-3.6.0.Final.jar:/run/media/adilramdan/DATAKU/resource/maven/maven_repo/org/hibernate/hibernate-core/3.6.0.Final/hibernate-core-3.6.0.Final.jar:/run/media/adilramdan/DATAKU/resource/maven/maven_repo/antlr/antlr/2.7.6/antlr-2.7.6.jar:/run/media/adilramdan/DATAKU/resource/maven/maven_repo/commons-collections/commons-collections/3.1/commons-collections-3.1.jar:/run/media/adilramdan/DATAKU/resource/maven/maven_repo/dom4j/dom4j/1.6.1/dom4j-1.6.1.jar:/run/media/adilramdan/DATAKU/resource/maven/maven_repo/javax/transaction/jta/1.1/jta-1.1.jar:/run/media/adilramdan/DATAKU/resource/maven/maven_repo/cglib/cglib/2.2/cglib-2.2.jar:/run/media/adilramdan/DATAKU/resource/maven/maven_repo/asm/asm/3.1/asm-3.1.jar:/run/media/adilramdan/DATAKU/resource/maven/maven_repo/javassist/javassist/3.12.0.GA/javassist-3.12.0.GA.jar:/run/media/adilramdan/DATAKU/resource/maven/maven_repo/org/hibernate/javax/persistence/hibernate-jpa-2.0-api/1.0.0.Final/hibernate-jpa-2.0-api-1.0.0.Final.jar:/run/media/adilramdan/DATAKU/resource/maven/maven_repo/javax/validation/validation-api/1.0.0.GA/validation-api-1.0.0.GA.jar:/run/media/adilramdan/DATAKU/resource/maven/maven_repo/org/hibernate/hibernate-validator/4.1.0.Final/hibernate-validator-4.1.0.Final.jar:/run/media/adilramdan/DATAKU/resource/maven/maven_repo/org/hibernate/hibernate-envers/3.6.10.Final/hibernate-envers-3.6.10.Final.jar:/run/media/adilramdan/DATAKU/resource/maven/maven_repo/org/hibernate/hibernate-commons-annotations/3.2.0.Final/hibernate-commons-annotations-3.2.0.Final.jar:/run/media/adilramdan/DATAKU/resource/maven/maven_repo/junit/junit/4.7/junit-4.7.jar:/run/media/adilramdan/DATAKU/resource/maven/maven_repo/org/springframework/spring-test/3.1.2.RELEASE/spring-test-3.1.2.RELEASE.jar:/run/media/adilramdan/DATAKU/resource/maven/maven_repo/org/springframework/spring-context-support/3.1.2.RELEASE/spring-context-support-3.1.2.RELEASE.jar:/run/media/adilramdan/DATAKU/resource/maven/maven_repo/org/springframework/spring-beans/3.1.2.RELEASE/spring-beans-3.1.2.RELEASE.jar:/run/media/adilramdan/DATAKU/resource/maven/maven_repo/org/springframework/spring-context/3.1.2.RELEASE/spring-context-3.1.2.RELEASE.jar:/run/media/adilramdan/DATAKU/resource/maven/maven_repo/org/springframework/spring-expression/3.1.2.RELEASE/spring-expression-3.1.2.RELEASE.jar:/run/media/adilramdan/DATAKU/resource/maven/maven_repo/org/springframework/spring-core/3.1.2.RELEASE/spring-core-3.1.2.RELEASE.jar:/run/media/adilramdan/DATAKU/resource/maven/maven_repo/commons-logging/commons-logging/1.1.1/commons-logging-1.1.1.jar:/run/media/adilramdan/DATAKU/resource/maven/maven_repo/org/springframework/spring-aop/3.1.2.RELEASE/spring-aop-3.1.2.RELEASE.jar:/run/media/adilramdan/DATAKU/resource/maven/maven_repo/aopalliance/aopalliance/1.0/aopalliance-1.0.jar:/run/media/adilramdan/DATAKU/resource/maven/maven_repo/org/springframework/spring-asm/3.1.2.RELEASE/spring-asm-3.1.2.RELEASE.jar:/run/media/adilramdan/DATAKU/resource/maven/maven_repo/org/springframework/spring-orm/3.1.2.RELEASE/spring-orm-3.1.2.RELEASE.jar:/run/media/adilramdan/DATAKU/resource/maven/maven_repo/org/springframework/spring-jdbc/3.1.2.RELEASE/spring-jdbc-3.1.2.RELEASE.jar:/run/media/adilramdan/DATAKU/resource/maven/maven_repo/org/springframework/spring-tx/3.1.2.RELEASE/spring-tx-3.1.2.RELEASE.jar:/run/media/adilramdan/DATAKU/resource/maven/maven_repo/commons-dbcp/commons-dbcp/1.2.2/commons-dbcp-1.2.2.jar:/run/media/adilramdan/DATAKU/resource/maven/maven_repo/commons-pool/commons-pool/1.3/commons-pool-1.3.jar:/run/media/adilramdan/DATAKU/resource/maven/maven_repo/com/h2database/h2/1.3.156/h2-1.3.156.jar:/run/media/adilramdan/DATAKU/resource/maven/maven_repo/org/slf4j/slf4j-api/1.5.8/slf4j-api-1.5.8.jar:/run/media/adilramdan/DATAKU/resource/maven/maven_repo/org/slf4j/jcl-over-slf4j/1.5.8/jcl-over-slf4j-1.5.8.jar:/run/media/adilramdan/DATAKU/resource/maven/maven_repo/org/slf4j/slf4j-log4j12/1.5.8/slf4j-log4j12-1.5.8.jar:/run/media/adilramdan/DATAKU/resource/maven/maven_repo/log4j/log4j/1.2.16/log4j-1.2.16.jar:/run/media/adilramdan/DATAKU/resource/maven/maven_repo/mysql/mysql-connector-java/5.1.21/mysql-connector-java-5.1.21.jar:/run/media/adilramdan/DATAKU/resource/maven/maven_repo/org/jasypt/jasypt/1.8/jasypt-1.8.jar:/run/media/adilramdan/DATAKU/resource/maven/maven_repo/org/springframework/data/spring-data-jpa/1.3.0.RELEASE/spring-data-jpa-1.3.0.RELEASE.jar:/run/media/adilramdan/DATAKU/resource/maven/maven_repo/org/springframework/data/spring-data-commons/1.5.0.RELEASE/spring-data-commons-1.5.0.RELEASE.jar:/run/media/adilramdan/DATAKU/resource/maven/maven_repo/org/aspectj/aspectjrt/1.7.1/aspectjrt-1.7.1.jar:/run/media/adilramdan/DATAKU/resource/maven/maven_repo/org/springframework/spring-aspects/3.1.0.RELEASE/spring-aspects-3.1.0.RELEASE.jar:/run/media/adilramdan/DATAKU/resource/maven/maven_repo/joda-time/joda-time/2.0/joda-time-2.0.jar:/run/media/adilramdan/DATAKU/resource/maven/maven_repo/joda-time/joda-time-hibernate/1.3/joda-time-hibernate-1.3.jar:/run/media/adilramdan/DATAKU/resource/maven/maven_repo/com/google/guava/guava/13.0.1/guava-13.0.1.jar:"/>
    <property name="java.vm.specification.version" value="1.7"/>
    <property name="sun.arch.data.model" value="64"/>
    <property name="java.home" value="/usr/java/jdk1.7.0_25/jre"/>
    <property name="sun.java.command" value="/home/adilramdan/workspacelearn/Matrial Mangement/target/surefire/surefirebooter4078483723170714054.jar /home/adilramdan/workspacelearn/Matrial Mangement/target/surefire/surefire5754547643333289824tmp /home/adilramdan/workspacelearn/Matrial Mangement/target/surefire/surefire8050491336703772442tmp"/>
    <property name="java.specification.vendor" value="Oracle Corporation"/>
    <property name="user.language" value="en"/>
    <property name="awt.toolkit" value="sun.awt.X11.XToolkit"/>
    <property name="java.vm.info" value="mixed mode"/>
    <property name="java.version" value="1.7.0_25"/>
    <property name="java.ext.dirs" value="/usr/java/jdk1.7.0_25/jre/lib/ext:/usr/java/packages/lib/ext"/>
    <property name="sun.boot.class.path" value="/usr/java/jdk1.7.0_25/jre/lib/resources.jar:/usr/java/jdk1.7.0_25/jre/lib/rt.jar:/usr/java/jdk1.7.0_25/jre/lib/sunrsasign.jar:/usr/java/jdk1.7.0_25/jre/lib/jsse.jar:/usr/java/jdk1.7.0_25/jre/lib/jce.jar:/usr/java/jdk1.7.0_25/jre/lib/charsets.jar:/usr/java/jdk1.7.0_25/jre/lib/jfr.jar:/usr/java/jdk1.7.0_25/jre/classes"/>
    <property name="java.vendor" value="Oracle Corporation"/>
    <property name="localRepository" value="/run/media/adilramdan/DATAKU/resource/maven/maven_repo"/>
    <property name="file.separator" value="/"/>
    <property name="java.vendor.url.bug" value="http://bugreport.sun.com/bugreport/"/>
    <property name="sun.cpu.endian" value="little"/>
    <property name="sun.io.unicode.encoding" value="UnicodeLittle"/>
    <property name="sun.cpu.isalist" value=""/>
  </properties>
  <testcase time="4.735" classname="org.us.waralaba.barang.BarangTest" name="crud"/>
</testsuite>